0 info it worked if it ends with ok
1 verbose cli [ '/usr/local/bin/node', '/usr/local/bin/npm', 'i', 'node' ]
2 info using npm@3.10.10
3 info using node@v6.11.2
4 silly loadCurrentTree Starting
5 silly install loadCurrentTree
6 silly install readLocalPackageData
7 silly fetchPackageMetaData node
8 silly fetchNamedPackageData node
9 silly mapToRegistry name node
10 silly mapToRegistry using default registry
11 silly mapToRegistry registry https://registry.npmjs.org/
12 silly mapToRegistry data Result {
12 silly mapToRegistry   raw: 'node',
12 silly mapToRegistry   scope: null,
12 silly mapToRegistry   escapedName: 'node',
12 silly mapToRegistry   name: 'node',
12 silly mapToRegistry   rawSpec: '',
12 silly mapToRegistry   spec: 'latest',
12 silly mapToRegistry   type: 'tag' }
13 silly mapToRegistry uri https://registry.npmjs.org/node
14 verbose request uri https://registry.npmjs.org/node
15 verbose request no auth needed
16 info attempt registry request try #1 at 09:07:49
17 verbose request id b167745a37f65ce2
18 verbose etag W/"598dc338-4e327"
19 verbose lastModified Fri, 11 Aug 2017 14:46:16 GMT
20 http request GET https://registry.npmjs.org/node
21 http 200 https://registry.npmjs.org/node
22 verbose headers { server: 'nginx/1.10.1',
22 verbose headers   'content-type': 'application/json',
22 verbose headers   'last-modified': 'Thu, 28 Sep 2017 22:13:50 GMT',
22 verbose headers   etag: 'W/"59cd741e-4e34a"',
22 verbose headers   'content-encoding': 'gzip',
22 verbose headers   'cache-control': 'max-age=300',
22 verbose headers   'content-length': '51508',
22 verbose headers   'accept-ranges': 'bytes',
22 verbose headers   date: 'Mon, 09 Oct 2017 06:07:49 GMT',
22 verbose headers   via: '1.1 varnish',
22 verbose headers   age: '44',
22 verbose headers   connection: 'keep-alive',
22 verbose headers   'x-served-by': 'cache-hhn1520-HHN',
22 verbose headers   'x-cache': 'HIT',
22 verbose headers   'x-cache-hits': '1',
22 verbose headers   'x-timer': 'S1507529270.694663,VS0,VE0',
22 verbose headers   vary: 'Accept-Encoding, Accept' }
23 silly get cb [ 200,
23 silly get   { server: 'nginx/1.10.1',
23 silly get     'content-type': 'application/json',
23 silly get     'last-modified': 'Thu, 28 Sep 2017 22:13:50 GMT',
23 silly get     etag: 'W/"59cd741e-4e34a"',
23 silly get     'content-encoding': 'gzip',
23 silly get     'cache-control': 'max-age=300',
23 silly get     'content-length': '51508',
23 silly get     'accept-ranges': 'bytes',
23 silly get     date: 'Mon, 09 Oct 2017 06:07:49 GMT',
23 silly get     via: '1.1 varnish',
23 silly get     age: '44',
23 silly get     connection: 'keep-alive',
23 silly get     'x-served-by': 'cache-hhn1520-HHN',
23 silly get     'x-cache': 'HIT',
23 silly get     'x-cache-hits': '1',
23 silly get     'x-timer': 'S1507529270.694663,VS0,VE0',
23 silly get     vary: 'Accept-Encoding, Accept' } ]
24 verbose get saving node to /Users/vadimbratanov/.npm/registry.npmjs.org/node/.cache.json
25 verbose correctMkdir /Users/vadimbratanov/.npm correctMkdir not in flight; initializing
26 silly install normalizeTree
27 silly loadCurrentTree Finishing
28 silly loadIdealTree Starting
29 silly install loadIdealTree
30 silly cloneCurrentTree Starting
31 silly install cloneCurrentTreeToIdealTree
32 silly cloneCurrentTree Finishing
33 silly loadShrinkwrap Starting
34 silly install loadShrinkwrap
35 silly loadShrinkwrap Finishing
36 silly loadAllDepsIntoIdealTree Starting
37 silly install loadAllDepsIntoIdealTree
38 silly resolveWithNewModule node@8.3.0 checking installable status
39 silly cache add args [ 'node', null ]
40 verbose cache add spec node
41 silly cache add parsed spec Result {
41 silly cache add   raw: 'node',
41 silly cache add   scope: null,
41 silly cache add   escapedName: 'node',
41 silly cache add   name: 'node',
41 silly cache add   rawSpec: '',
41 silly cache add   spec: 'latest',
41 silly cache add   type: 'tag' }
42 silly addNamed node@latest
43 verbose addNamed "latest" is being treated as a dist-tag for node
44 info addNameTag [ 'node', 'latest' ]
45 silly mapToRegistry name node
46 silly mapToRegistry using default registry
47 silly mapToRegistry registry https://registry.npmjs.org/
48 silly mapToRegistry data Result {
48 silly mapToRegistry   raw: 'node',
48 silly mapToRegistry   scope: null,
48 silly mapToRegistry   escapedName: 'node',
48 silly mapToRegistry   name: 'node',
48 silly mapToRegistry   rawSpec: '',
48 silly mapToRegistry   spec: 'latest',
48 silly mapToRegistry   type: 'tag' }
49 silly mapToRegistry uri https://registry.npmjs.org/node
50 verbose addNameTag registry:https://registry.npmjs.org/node not in flight; fetching
51 verbose get https://registry.npmjs.org/node not expired, no request
52 silly addNameTag next cb for node with tag latest
53 silly addNamed node@8.3.0
54 verbose addNamed "8.3.0" is a plain semver version for node
55 silly cache afterAdd node@8.3.0
56 verbose afterAdd /Users/vadimbratanov/.npm/node/8.3.0/package/package.json not in flight; writing
57 verbose correctMkdir /Users/vadimbratanov/.npm correctMkdir not in flight; initializing
58 verbose afterAdd /Users/vadimbratanov/.npm/node/8.3.0/package/package.json written
59 silly fetchNamedPackageData node-bin-setup
60 silly mapToRegistry name node-bin-setup
61 silly mapToRegistry using default registry
62 silly mapToRegistry registry https://registry.npmjs.org/
63 silly mapToRegistry data Result {
63 silly mapToRegistry   raw: 'node-bin-setup',
63 silly mapToRegistry   scope: null,
63 silly mapToRegistry   escapedName: 'node-bin-setup',
63 silly mapToRegistry   name: 'node-bin-setup',
63 silly mapToRegistry   rawSpec: '',
63 silly mapToRegistry   spec: 'latest',
63 silly mapToRegistry   type: 'tag' }
64 silly mapToRegistry uri https://registry.npmjs.org/node-bin-setup
65 verbose request uri https://registry.npmjs.org/node-bin-setup
66 verbose request no auth needed
67 info attempt registry request try #1 at 09:07:49
68 verbose etag W/"5976bbea-1511"
69 verbose lastModified Tue, 25 Jul 2017 03:32:58 GMT
70 http request GET https://registry.npmjs.org/node-bin-setup
71 http 304 https://registry.npmjs.org/node-bin-setup
72 verbose headers { date: 'Mon, 09 Oct 2017 06:07:49 GMT',
72 verbose headers   via: '1.1 varnish',
72 verbose headers   'cache-control': 'max-age=300',
72 verbose headers   etag: 'W/"5976bbea-1511"',
72 verbose headers   age: '43',
72 verbose headers   connection: 'keep-alive',
72 verbose headers   'x-served-by': 'cache-hhn1520-HHN',
72 verbose headers   'x-cache': 'HIT',
72 verbose headers   'x-cache-hits': '1',
72 verbose headers   'x-timer': 'S1507529270.930873,VS0,VE1',
72 verbose headers   vary: 'Accept-Encoding, Accept' }
73 silly get cb [ 304,
73 silly get   { date: 'Mon, 09 Oct 2017 06:07:49 GMT',
73 silly get     via: '1.1 varnish',
73 silly get     'cache-control': 'max-age=300',
73 silly get     etag: 'W/"5976bbea-1511"',
73 silly get     age: '43',
73 silly get     connection: 'keep-alive',
73 silly get     'x-served-by': 'cache-hhn1520-HHN',
73 silly get     'x-cache': 'HIT',
73 silly get     'x-cache-hits': '1',
73 silly get     'x-timer': 'S1507529270.930873,VS0,VE1',
73 silly get     vary: 'Accept-Encoding, Accept' } ]
74 verbose etag https://registry.npmjs.org/node-bin-setup from cache
75 verbose get saving node-bin-setup to /Users/vadimbratanov/.npm/registry.npmjs.org/node-bin-setup/.cache.json
76 verbose correctMkdir /Users/vadimbratanov/.npm correctMkdir not in flight; initializing
77 silly resolveWithNewModule node-bin-setup@1.0.6 checking installable status
78 silly cache add args [ 'node-bin-setup@^1.0.0', null ]
79 verbose cache add spec node-bin-setup@^1.0.0
80 silly cache add parsed spec Result {
80 silly cache add   raw: 'node-bin-setup@^1.0.0',
80 silly cache add   scope: null,
80 silly cache add   escapedName: 'node-bin-setup',
80 silly cache add   name: 'node-bin-setup',
80 silly cache add   rawSpec: '^1.0.0',
80 silly cache add   spec: '>=1.0.0 <2.0.0',
80 silly cache add   type: 'range' }
81 silly addNamed node-bin-setup@>=1.0.0 <2.0.0
82 verbose addNamed ">=1.0.0 <2.0.0" is a valid semver range for node-bin-setup
83 silly addNameRange { name: 'node-bin-setup',
83 silly addNameRange   range: '>=1.0.0 <2.0.0',
83 silly addNameRange   hasData: false }
84 silly mapToRegistry name node-bin-setup
85 silly mapToRegistry using default registry
86 silly mapToRegistry registry https://registry.npmjs.org/
87 silly mapToRegistry data Result {
87 silly mapToRegistry   raw: 'node-bin-setup',
87 silly mapToRegistry   scope: null,
87 silly mapToRegistry   escapedName: 'node-bin-setup',
87 silly mapToRegistry   name: 'node-bin-setup',
87 silly mapToRegistry   rawSpec: '',
87 silly mapToRegistry   spec: 'latest',
87 silly mapToRegistry   type: 'tag' }
88 silly mapToRegistry uri https://registry.npmjs.org/node-bin-setup
89 verbose addNameRange registry:https://registry.npmjs.org/node-bin-setup not in flight; fetching
90 verbose get https://registry.npmjs.org/node-bin-setup not expired, no request
91 silly addNameRange number 2 { name: 'node-bin-setup',
91 silly addNameRange   range: '>=1.0.0 <2.0.0',
91 silly addNameRange   hasData: true }
92 silly addNameRange versions [ 'node-bin-setup',
92 silly addNameRange   [ '1.0.0', '1.0.1', '1.0.2', '1.0.3', '1.0.4', '1.0.6' ] ]
93 silly addNamed node-bin-setup@1.0.6
94 verbose addNamed "1.0.6" is a plain semver version for node-bin-setup
95 silly cache afterAdd node-bin-setup@1.0.6
96 verbose afterAdd /Users/vadimbratanov/.npm/node-bin-setup/1.0.6/package/package.json not in flight; writing
97 verbose correctMkdir /Users/vadimbratanov/.npm correctMkdir not in flight; initializing
98 verbose afterAdd /Users/vadimbratanov/.npm/node-bin-setup/1.0.6/package/package.json written
99 silly loadAllDepsIntoIdealTree Finishing
100 silly loadIdealTree Finishing
101 silly currentTree brain-games@1.0.0
102 silly idealTree brain-games@1.0.0
102 silly idealTree ├── node-bin-setup@1.0.6
102 silly idealTree └── node@8.3.0
103 silly generateActionsToTake Starting
104 silly install generateActionsToTake
105 silly generateActionsToTake Finishing
106 silly diffTrees action count 2
107 silly diffTrees add node-bin-setup@1.0.6
108 silly diffTrees add node@8.3.0
109 silly decomposeActions action count 16
110 silly decomposeActions fetch node-bin-setup@1.0.6
111 silly decomposeActions extract node-bin-setup@1.0.6
112 silly decomposeActions test node-bin-setup@1.0.6
113 silly decomposeActions preinstall node-bin-setup@1.0.6
114 silly decomposeActions build node-bin-setup@1.0.6
115 silly decomposeActions install node-bin-setup@1.0.6
116 silly decomposeActions postinstall node-bin-setup@1.0.6
117 silly decomposeActions finalize node-bin-setup@1.0.6
118 silly decomposeActions fetch node@8.3.0
119 silly decomposeActions extract node@8.3.0
120 silly decomposeActions test node@8.3.0
121 silly decomposeActions preinstall node@8.3.0
122 silly decomposeActions build node@8.3.0
123 silly decomposeActions install node@8.3.0
124 silly decomposeActions postinstall node@8.3.0
125 silly decomposeActions finalize node@8.3.0
126 silly runTopLevelLifecycles Starting
127 silly executeActions Starting
128 silly install executeActions
129 silly doSerial global-install 0
130 silly doParallel fetch 2
131 verbose correctMkdir /Users/vadimbratanov/.npm/_locks correctMkdir not in flight; initializing
132 verbose lock using /Users/vadimbratanov/.npm/_locks/staging-0954162b5d2cfcfc.lock for /Users/vadimbratanov/Documents/brain-games/node_modules/.staging
133 silly doParallel extract 2
134 silly extract node-bin-setup@1.0.6
135 silly extract node@8.3.0
136 verbose unbuild node_modules/.staging/node-bin-setup-86586e2a
137 verbose unbuild node_modules/.staging/node-3424de25
138 silly gentlyRm /Users/vadimbratanov/Documents/brain-games/node_modules/.staging/node-bin-setup-86586e2a is being purged from base /Users/vadimbratanov/Documents/brain-games
139 verbose gentlyRm don't care about contents; nuking /Users/vadimbratanov/Documents/brain-games/node_modules/.staging/node-bin-setup-86586e2a
140 verbose tar unpack /Users/vadimbratanov/.npm/node-bin-setup/1.0.6/package.tgz
141 verbose tar unpacking to /Users/vadimbratanov/Documents/brain-games/node_modules/.staging/node-bin-setup-86586e2a
142 silly gentlyRm /Users/vadimbratanov/Documents/brain-games/node_modules/.staging/node-bin-setup-86586e2a is being purged
143 verbose gentlyRm don't care about contents; nuking /Users/vadimbratanov/Documents/brain-games/node_modules/.staging/node-bin-setup-86586e2a
144 silly gentlyRm /Users/vadimbratanov/Documents/brain-games/node_modules/.staging/node-3424de25 is being purged from base /Users/vadimbratanov/Documents/brain-games
145 verbose gentlyRm don't care about contents; nuking /Users/vadimbratanov/Documents/brain-games/node_modules/.staging/node-3424de25
146 silly gunzTarPerm modes [ '755', '644' ]
147 verbose tar unpack /Users/vadimbratanov/.npm/node/8.3.0/package.tgz
148 verbose tar unpacking to /Users/vadimbratanov/Documents/brain-games/node_modules/.staging/node-3424de25
149 silly gentlyRm /Users/vadimbratanov/Documents/brain-games/node_modules/.staging/node-3424de25 is being purged
150 verbose gentlyRm don't care about contents; nuking /Users/vadimbratanov/Documents/brain-games/node_modules/.staging/node-3424de25
151 silly gunzTarPerm modes [ '755', '644' ]
152 silly gunzTarPerm extractEntry package.json
153 silly gunzTarPerm extractEntry package.json
154 silly gunzTarPerm extractEntry README.md
155 silly gunzTarPerm extractEntry installArchSpecificPackage.js
156 silly gunzTarPerm extractEntry index.js
157 silly gentlyRm /Users/vadimbratanov/Documents/brain-games/node_modules/.staging/node-bin-setup-86586e2a/node_modules is being purged
158 verbose gentlyRm don't care about contents; nuking /Users/vadimbratanov/Documents/brain-games/node_modules/.staging/node-bin-setup-86586e2a/node_modules
159 silly gentlyRm /Users/vadimbratanov/Documents/brain-games/node_modules/.staging/node-3424de25/node_modules is being purged
160 verbose gentlyRm don't care about contents; nuking /Users/vadimbratanov/Documents/brain-games/node_modules/.staging/node-3424de25/node_modules
161 silly doParallel preinstall 2
162 silly preinstall node-bin-setup@1.0.6 /Users/vadimbratanov/Documents/brain-games/node_modules/.staging/node-bin-setup-86586e2a
163 info lifecycle node-bin-setup@1.0.6~preinstall: node-bin-setup@1.0.6
164 silly preinstall node@8.3.0 /Users/vadimbratanov/Documents/brain-games/node_modules/.staging/node-3424de25
165 info lifecycle node@8.3.0~preinstall: node@8.3.0
166 silly lifecycle node-bin-setup@1.0.6~preinstall: no script for preinstall, continuing
167 verbose lifecycle node@8.3.0~preinstall: unsafe-perm in lifecycle true
168 verbose lifecycle node@8.3.0~preinstall: PATH: /usr/local/lib/node_modules/npm/bin/node-gyp-bin:/Users/vadimbratanov/Documents/brain-games/node_modules/.staging/node-3424de25/node_modules/.bin:/Users/vadimbratanov/Documents/brain-games/node_modules/.bin:/usr/local/bin:/usr/bin:/bin:/usr/sbin:/sbin:/usr/local/share/dotnet:/Library/Frameworks/Mono.framework/Versions/Current/Commands
169 verbose lifecycle node@8.3.0~preinstall: CWD: /Users/vadimbratanov/Documents/brain-games/node_modules/.staging/node-3424de25
170 silly lifecycle node@8.3.0~preinstall: Args: [ '-c', 'node installArchSpecificPackage' ]
171 silly lifecycle node@8.3.0~preinstall: Returned: code: 1  signal: null
172 info lifecycle node@8.3.0~preinstall: Failed to exec preinstall script
173 verbose unlock done using /Users/vadimbratanov/.npm/_locks/staging-0954162b5d2cfcfc.lock for /Users/vadimbratanov/Documents/brain-games/node_modules/.staging
174 silly rollbackFailedOptional Starting
175 silly rollbackFailedOptional Finishing
176 silly runTopLevelLifecycles Finishing
177 silly install printInstalled
178 warn brain-games@1.0.0 No description
179 verbose If you need help, you may report this error at:
179 verbose     <https://github.com/npm/npm/issues>
180 warn brain-games@1.0.0 No repository field.
181 verbose If you need help, you may report this error at:
181 verbose     <https://github.com/npm/npm/issues>
182 verbose stack Error: node@8.3.0 preinstall: `node installArchSpecificPackage`
182 verbose stack Exit status 1
182 verbose stack     at EventEmitter.<anonymous> (/usr/local/lib/node_modules/npm/lib/utils/lifecycle.js:255:16)
182 verbose stack     at emitTwo (events.js:106:13)
182 verbose stack     at EventEmitter.emit (events.js:191:7)
182 verbose stack     at ChildProcess.<anonymous> (/usr/local/lib/node_modules/npm/lib/utils/spawn.js:40:14)
182 verbose stack     at emitTwo (events.js:106:13)
182 verbose stack     at ChildProcess.emit (events.js:191:7)
182 verbose stack     at maybeClose (internal/child_process.js:891:16)
182 verbose stack     at Process.ChildProcess._handle.onexit (internal/child_process.js:226:5)
183 verbose pkgid node@8.3.0
184 verbose cwd /Users/vadimbratanov/Documents/brain-games
185 error Darwin 17.0.0
186 error argv "/usr/local/bin/node" "/usr/local/bin/npm" "i" "node"
187 error node v6.11.2
188 error npm  v3.10.10
189 error code ELIFECYCLE
190 error node@8.3.0 preinstall: `node installArchSpecificPackage`
190 error Exit status 1
191 error Failed at the node@8.3.0 preinstall script 'node installArchSpecificPackage'.
191 error Make sure you have the latest version of node.js and npm installed.
191 error If you do, this is most likely a problem with the node package,
191 error not with npm itself.
191 error Tell the author that this fails on your system:
191 error     node installArchSpecificPackage
191 error You can get information on how to open an issue for this project with:
191 error     npm bugs node
191 error Or if that isn't available, you can get their info via:
191 error     npm owner ls node
191 error There is likely additional logging output above.
192 verbose exit [ 1, true ]
